0 1 2 3 4 5 6 7 8 9 10 11 12 13 14 15 16 17 18 19 20 21
current: 1 / 0 / 1 / 2
set: 0 / 1 / 2 / convex: False
current: 2 / 1 / 2 / 3
set: 1 / 2 / 3 / convex: True
removing: 2
current: 2 / 1 / 2 / 3
set: 1 / 3 / 4 / convex: False
current: 3 / 2 / 3 / 4
set: 3 / 4 / 5 / convex: True
removing: 4
current: 3 / 2 / 3 / 4
set: 3 / 5 / 6 / convex: True
removing: 5
current: 3 / 2 / 3 / 4
set: 3 / 6 / 7 / convex: True
current: 4 / 3 / 4 / 5
set: 6 / 7 / 8 / convex: True
removing: 7
current: 4 / 3 / 4 / 5
set: 6 / 8 / 9 / convex: True
removing: 8
current: 4 / 3 / 4 / 5
set: 6 / 9 / 10 / convex: False
current: 5 / 4 / 5 / 6
set: 9 / 10 / 11 / convex: True
removing: 10
current: 5 / 4 / 5 / 6
set: 9 / 11 / 12 / convex: True
removing: 11
current: 5 / 4 / 5 / 6
set: 9 / 12 / 13 / convex: False
current: 6 / 5 / 6 / 7
set: 12 / 13 / 14 / convex: True
removing: 13
current: 6 / 5 / 6 / 7
set: 12 / 14 / 15 / convex: False
current: 7 / 6 / 7 / 8
set: 14 / 15 / 16 / convex: True
removing: 15
current: 7 / 6 / 7 / 8
set: 14 / 16 / 17 / convex: True
removing: 16
current: 7 / 6 / 7 / 8
set: 14 / 17 / 18 / convex: True
current: 8 / 7 / 8 / 9
set: 17 / 18 / 19 / convex: True
removing: 18
current: 8 / 7 / 8 / 9
set: 17 / 19 / 20 / convex: True
removing: 19
current: 8 / 7 / 8 / 9
set: 17 / 20 / 21 / convex: False
current: 9 / 8 / 9 / 0
set: 20 / 21 / 0 / convex: True
removing: 21
current: 0 / 8 / 0 / 1
set: 20 / 0 / 1 / convex: True
removing: 0
current: 0 / 7 / 0 / 1
set: 20 / 1 / 3 / convex: True
removing: 1
current: 0 / 6 / 0 / 1
set: 20 / 3 / 6 / convex: True
removing: 3
current: 0 / 5 / 0 / 1
set: 20 / 6 / 9 / convex: True
removing: 6
current: 0 / 4 / 0 / 1
set: 20 / 9 / 12 / convex: True
removing: 9
current: 0 / 3 / 0 / 1
set: 20 / 12 / 14 / convex: True
removing: 12
0 1 2 3 4 5 6 7 8 9 10 11 12 13 14 15 16 17 18 19 20 21 22 23 24 25 26 27 28 29 30 31
current: 1 / 0 / 1 / 2
set: 0 / 1 / 2 / convex: False
current: 2 / 1 / 2 / 3
set: 1 / 2 / 3 / convex: True
removing: 2
current: 2 / 1 / 2 / 3
set: 1 / 3 / 4 / convex: True
removing: 3
current: 2 / 1 / 2 / 3
set: 1 / 4 / 5 / convex: False
current: 3 / 2 / 3 / 4
set: 4 / 5 / 6 / convex: True
removing: 5
current: 3 / 2 / 3 / 4
set: 4 / 6 / 7 / convex: True
removing: 6
current: 3 / 2 / 3 / 4
set: 4 / 7 / 8 / convex: True
removing: 7
current: 3 / 2 / 3 / 4
set: 4 / 8 / 9 / convex: True
removing: 8
current: 3 / 2 / 3 / 4
set: 4 / 9 / 10 / convex: False
current: 4 / 3 / 4 / 5
set: 9 / 10 / 11 / convex: False
current: 5 / 4 / 5 / 6
set: 10 / 11 / 12 / convex: True
removing: 11
current: 5 / 4 / 5 / 6
set: 10 / 12 / 13 / convex: True
removing: 12
current: 5 / 4 / 5 / 6
set: 10 / 13 / 14 / convex: True
removing: 13
current: 5 / 4 / 5 / 6
set: 10 / 14 / 15 / convex: True
removing: 14
current: 5 / 4 / 5 / 6
set: 10 / 15 / 16 / convex: True
removing: 15
current: 5 / 4 / 5 / 6
set: 10 / 16 / 17 / convex: True
removing: 16
current: 5 / 4 / 5 / 6
set: 10 / 17 / 18 / convex: True
removing: 17
current: 5 / 4 / 5 / 6
set: 10 / 18 / 19 / convex: False
current: 6 / 5 / 6 / 7
set: 18 / 19 / 20 / convex: True
removing: 19
current: 6 / 5 / 6 / 7
set: 18 / 20 / 21 / convex: False
current: 7 / 6 / 7 / 8
set: 20 / 21 / 22 / convex: True
removing: 21
current: 7 / 6 / 7 / 8
set: 20 / 22 / 23 / convex: True
removing: 22
current: 7 / 6 / 7 / 8
set: 20 / 23 / 24 / convex: True
removing: 23
current: 7 / 6 / 7 / 8
set: 20 / 24 / 25 / convex: True
removing: 24
current: 7 / 6 / 7 / 8
set: 20 / 25 / 26 / convex: True
removing: 25
current: 7 / 6 / 7 / 8
set: 20 / 26 / 27 / convex: True
current: 8 / 7 / 8 / 9
set: 26 / 27 / 28 / convex: True
removing: 27
current: 8 / 7 / 8 / 9
set: 26 / 28 / 29 / convex: True
removing: 28
current: 8 / 7 / 8 / 9
set: 26 / 29 / 30 / convex: False
current: 9 / 8 / 9 / 10
set: 29 / 30 / 31 / convex: True
removing: 30
current: 9 / 8 / 9 / 0
set: 29 / 31 / 0 / convex: False
current: 10 / 9 / 0 / 1
set: 31 / 0 / 1 / convex: True
removing: 0
current: 0 / 8 / 0 / 1
set: 31 / 1 / 4 / convex: True
removing: 1
current: 0 / 7 / 0 / 1
set: 31 / 4 / 9 / convex: True
removing: 4
current: 0 / 6 / 0 / 1
set: 31 / 9 / 10 / convex: True
removing: 9
current: 0 / 5 / 0 / 1
set: 31 / 10 / 18 / convex: True
removing: 10
current: 0 / 4 / 0 / 1
set: 31 / 18 / 20 / convex: True
removing: 18
current: 0 / 3 / 0 / 1
set: 31 / 20 / 26 / convex: True
removing: 20
0 1 2 3 4 5 6 7 8 9 10 11 12 13 14 15 16 17 18 19 20 21 22 23 24 25 26 27 28 29
current: 1 / 0 / 1 / 2
set: 0 / 1 / 2 / convex: False
current: 2 / 1 / 2 / 3
set: 1 / 2 / 3 / convex: True
removing: 2
current: 2 / 1 / 2 / 3
set: 1 / 3 / 4 / convex: True
removing: 3
current: 2 / 1 / 2 / 3
set: 1 / 4 / 5 / convex: True
current: 3 / 2 / 3 / 4
set: 4 / 5 / 6 / convex: True
removing: 5
current: 3 / 2 / 3 / 4
set: 4 / 6 / 7 / convex: False
current: 4 / 3 / 4 / 5
set: 6 / 7 / 8 / convex: True
removing: 7
current: 4 / 3 / 4 / 5
set: 6 / 8 / 9 / convex: True
removing: 8
current: 4 / 3 / 4 / 5
set: 6 / 9 / 10 / convex: True
current: 5 / 4 / 5 / 6
set: 9 / 10 / 11 / convex: True
removing: 10
current: 5 / 4 / 5 / 6
set: 9 / 11 / 12 / convex: True
removing: 11
current: 5 / 4 / 5 / 6
set: 9 / 12 / 13 / convex: False
current: 6 / 5 / 6 / 7
set: 12 / 13 / 14 / convex: True
removing: 13
current: 6 / 5 / 6 / 7
set: 12 / 14 / 15 / convex: False
current: 7 / 6 / 7 / 8
set: 14 / 15 / 16 / convex: False
current: 8 / 7 / 8 / 9
set: 15 / 16 / 17 / convex: True
removing: 16
current: 8 / 7 / 8 / 9
set: 15 / 17 / 18 / convex: True
removing: 17
current: 8 / 7 / 8 / 9
set: 15 / 18 / 19 / convex: True
removing: 18
current: 8 / 7 / 8 / 9
set: 15 / 19 / 20 / convex: True
removing: 19
current: 8 / 7 / 8 / 9
set: 15 / 20 / 21 / convex: True
removing: 20
current: 8 / 7 / 8 / 9
set: 15 / 21 / 22 / convex: True
removing: 21
current: 8 / 7 / 8 / 9
set: 15 / 22 / 23 / convex: True
removing: 22
current: 8 / 7 / 8 / 9
set: 15 / 23 / 24 / convex: True
removing: 23
current: 8 / 7 / 8 / 9
set: 15 / 24 / 25 / convex: True
removing: 24
current: 8 / 7 / 8 / 9
set: 15 / 25 / 26 / convex: False
current: 9 / 8 / 9 / 10
set: 25 / 26 / 27 / convex: True
removing: 26
current: 9 / 8 / 9 / 10
set: 25 / 27 / 28 / convex: True
removing: 27
current: 9 / 8 / 9 / 10
set: 25 / 28 / 29 / convex: True
removing: 28
current: 9 / 8 / 9 / 0
set: 25 / 29 / 0 / convex: True
removing: 29
current: 0 / 8 / 0 / 1
set: 25 / 0 / 1 / convex: True
removing: 0
current: 0 / 7 / 0 / 1
set: 25 / 1 / 4 / convex: True
removing: 1
current: 0 / 6 / 0 / 1
set: 25 / 4 / 6 / convex: True
removing: 4
current: 0 / 5 / 0 / 1
set: 25 / 6 / 9 / convex: True
removing: 6
current: 0 / 4 / 0 / 1
set: 25 / 9 / 12 / convex: True
removing: 9
current: 0 / 3 / 0 / 1
set: 25 / 12 / 14 / convex: True
removing: 12
0 1 2 3 4 5 6 7 8 9 10 11 12 13 14 15 16 17 18 19 20 21 22 23
current: 1 / 0 / 1 / 2
set: 0 / 1 / 2 / convex: True
removing: 1
current: 1 / 0 / 1 / 2
set: 0 / 2 / 3 / convex: True
removing: 2
current: 1 / 0 / 1 / 2
set: 0 / 3 / 4 / convex: False
current: 2 / 1 / 2 / 3
set: 3 / 4 / 5 / convex: True
removing: 4
current: 2 / 1 / 2 / 3
set: 3 / 5 / 6 / convex: False
current: 3 / 2 / 3 / 4
set: 5 / 6 / 7 / convex: True
removing: 6
current: 3 / 2 / 3 / 4
set: 5 / 7 / 8 / convex: True
removing: 7
current: 3 / 2 / 3 / 4
set: 5 / 8 / 9 / convex: False
current: 4 / 3 / 4 / 5
set: 8 / 9 / 10 / convex: True
removing: 9
current: 4 / 3 / 4 / 5
set: 8 / 10 / 11 / convex: True
removing: 10
current: 4 / 3 / 4 / 5
set: 8 / 11 / 12 / convex: False
current: 5 / 4 / 5 / 6
set: 11 / 12 / 13 / convex: True
removing: 12
current: 5 / 4 / 5 / 6
set: 11 / 13 / 14 / convex: False
current: 6 / 5 / 6 / 7
set: 13 / 14 / 15 / convex: True
removing: 14
current: 6 / 5 / 6 / 7
set: 13 / 15 / 16 / convex: True
removing: 15
current: 6 / 5 / 6 / 7
set: 13 / 16 / 17 / convex: False
current: 7 / 6 / 7 / 8
set: 16 / 17 / 18 / convex: True
removing: 17
current: 7 / 6 / 7 / 8
set: 16 / 18 / 19 / convex: True
removing: 18
current: 7 / 6 / 7 / 8
set: 16 / 19 / 20 / convex: False
current: 8 / 7 / 8 / 9
set: 19 / 20 / 21 / convex: True
removing: 20
current: 8 / 7 / 8 / 9
set: 19 / 21 / 22 / convex: False
current: 9 / 8 / 9 / 10
set: 21 / 22 / 23 / convex: True
removing: 22
current: 9 / 8 / 9 / 0
set: 21 / 23 / 0 / convex: True
removing: 23
current: 0 / 8 / 0 / 1
set: 21 / 0 / 3 / convex: True
removing: 0
current: 0 / 7 / 0 / 1
set: 21 / 3 / 5 / convex: True
removing: 3
current: 0 / 6 / 0 / 1
set: 21 / 5 / 8 / convex: True
removing: 5
current: 0 / 5 / 0 / 1
set: 21 / 8 / 11 / convex: True
removing: 8
current: 0 / 4 / 0 / 1
set: 21 / 11 / 13 / convex: True
removing: 11
current: 0 / 3 / 0 / 1
set: 21 / 13 / 16 / convex: True
removing: 13
0 1 2 3 4 5 6 7 8 9 10 11 12 13 14 15 16 17 18 19 20 21 22 23 24 25 26 27 28 29
current: 1 / 0 / 1 / 2
set: 0 / 1 / 2 / convex: True
removing: 1
current: 1 / 0 / 1 / 2
set: 0 / 2 / 3 / convex: True
removing: 2
current: 1 / 0 / 1 / 2
set: 0 / 3 / 4 / convex: False
current: 2 / 1 / 2 / 3
set: 3 / 4 / 5 / convex: True
removing: 4
current: 2 / 1 / 2 / 3
set: 3 / 5 / 6 / convex: False
current: 3 / 2 / 3 / 4
set: 5 / 6 / 7 / convex: True
removing: 6
current: 3 / 2 / 3 / 4
set: 5 / 7 / 8 / convex: True
removing: 7
current: 3 / 2 / 3 / 4
set: 5 / 8 / 9 / convex: False
current: 4 / 3 / 4 / 5
set: 8 / 9 / 10 / convex: True
removing: 9
current: 4 / 3 / 4 / 5
set: 8 / 10 / 11 / convex: True
removing: 10
current: 4 / 3 / 4 / 5
set: 8 / 11 / 12 / convex: False
current: 5 / 4 / 5 / 6
set: 11 / 12 / 13 / convex: True
removing: 12
current: 5 / 4 / 5 / 6
set: 11 / 13 / 14 / convex: True
removing: 13
current: 5 / 4 / 5 / 6
set: 11 / 14 / 15 / convex: False
current: 6 / 5 / 6 / 7
set: 14 / 15 / 16 / convex: False
current: 7 / 6 / 7 / 8
set: 15 / 16 / 17 / convex: False
current: 8 / 7 / 8 / 9
set: 16 / 17 / 18 / convex: True
removing: 17
current: 8 / 7 / 8 / 9
set: 16 / 18 / 19 / convex: True
removing: 18
current: 8 / 7 / 8 / 9
set: 16 / 19 / 20 / convex: True
removing: 19
current: 8 / 7 / 8 / 9
set: 16 / 20 / 21 / convex: True
removing: 20
current: 8 / 7 / 8 / 9
set: 16 / 21 / 22 / convex: True
removing: 21
current: 8 / 7 / 8 / 9
set: 16 / 22 / 23 / convex: True
removing: 22
current: 8 / 7 / 8 / 9
set: 16 / 23 / 24 / convex: True
removing: 23
current: 8 / 7 / 8 / 9
set: 16 / 24 / 25 / convex: True
removing: 24
current: 8 / 7 / 8 / 9
set: 16 / 25 / 26 / convex: True
removing: 25
current: 8 / 7 / 8 / 9
set: 16 / 26 / 27 / convex: True
removing: 26
current: 8 / 7 / 8 / 9
set: 16 / 27 / 28 / convex: False
current: 9 / 8 / 9 / 10
set: 27 / 28 / 29 / convex: True
removing: 28
current: 9 / 8 / 9 / 0
set: 27 / 29 / 0 / convex: True
removing: 29
current: 0 / 8 / 0 / 1
set: 27 / 0 / 3 / convex: True
removing: 0
current: 0 / 7 / 0 / 1
set: 27 / 3 / 5 / convex: True
removing: 3
current: 0 / 6 / 0 / 1
set: 27 / 5 / 8 / convex: True
removing: 5
current: 0 / 5 / 0 / 1
set: 27 / 8 / 11 / convex: True
removing: 8
current: 0 / 4 / 0 / 1
set: 27 / 11 / 14 / convex: True
removing: 11
current: 0 / 3 / 0 / 1
set: 27 / 14 / 15 / convex: True
removing: 14
0 1 2 3 4 5 6 7 8 9 10 11 12 13 14 15 16 17 18 19 20 21 22 23 24 25
current: 1 / 0 / 1 / 2
set: 0 / 1 / 2 / convex: True
removing: 1
current: 1 / 0 / 1 / 2
set: 0 / 2 / 3 / convex: True
removing: 2
current: 1 / 0 / 1 / 2
set: 0 / 3 / 4 / convex: True
removing: 3
current: 1 / 0 / 1 / 2
set: 0 / 4 / 5 / convex: True
removing: 4
current: 1 / 0 / 1 / 2
set: 0 / 5 / 6 / convex: True
removing: 5
current: 1 / 0 / 1 / 2
set: 0 / 6 / 7 / convex: True
current: 2 / 1 / 2 / 3
set: 6 / 7 / 8 / convex: True
removing: 7
current: 2 / 1 / 2 / 3
set: 6 / 8 / 9 / convex: True
removing: 8
current: 2 / 1 / 2 / 3
set: 6 / 9 / 10 / convex: False
current: 3 / 2 / 3 / 4
set: 9 / 10 / 11 / convex: True
removing: 10
current: 3 / 2 / 3 / 4
set: 9 / 11 / 12 / convex: True
removing: 11
current: 3 / 2 / 3 / 4
set: 9 / 12 / 13 / convex: False
current: 4 / 3 / 4 / 5
set: 12 / 13 / 14 / convex: True
removing: 13
current: 4 / 3 / 4 / 5
set: 12 / 14 / 15 / convex: False
current: 5 / 4 / 5 / 6
set: 14 / 15 / 16 / convex: True
removing: 15
current: 5 / 4 / 5 / 6
set: 14 / 16 / 17 / convex: True
removing: 16
current: 5 / 4 / 5 / 6
set: 14 / 17 / 18 / convex: False
current: 6 / 5 / 6 / 7
set: 17 / 18 / 19 / convex: True
removing: 18
current: 6 / 5 / 6 / 7
set: 17 / 19 / 20 / convex: False
current: 7 / 6 / 7 / 8
set: 19 / 20 / 21 / convex: True
removing: 20
current: 7 / 6 / 7 / 8
set: 19 / 21 / 22 / convex: True
removing: 21
current: 7 / 6 / 7 / 8
set: 19 / 22 / 23 / convex: True
removing: 22
current: 7 / 6 / 7 / 8
set: 19 / 23 / 24 / convex: True
removing: 23
current: 7 / 6 / 7 / 8
set: 19 / 24 / 25 / convex: True
removing: 24
current: 7 / 6 / 7 / 0
set: 19 / 25 / 0 / convex: False
current: 8 / 7 / 0 / 1
set: 25 / 0 / 6 / convex: True
removing: 0
current: 0 / 6 / 0 / 1
set: 25 / 6 / 9 / convex: True
removing: 6
current: 0 / 5 / 0 / 1
set: 25 / 9 / 12 / convex: True
removing: 9
current: 0 / 4 / 0 / 1
set: 25 / 12 / 14 / convex: True
removing: 12
current: 0 / 3 / 0 / 1
set: 25 / 14 / 17 / convex: True
removing: 14
0 1 2 3 4 5 6 7 8 9 10 11 12 13 14 15 16 17 18 19 20 21 22 23 24 25 26 27
current: 1 / 0 / 1 / 2
set: 0 / 1 / 2 / convex: True
removing: 1
current: 1 / 0 / 1 / 2
set: 0 / 2 / 3 / convex: True
removing: 2
current: 1 / 0 / 1 / 2
set: 0 / 3 / 4 / convex: False
current: 2 / 1 / 2 / 3
set: 3 / 4 / 5 / convex: True
removing: 4
current: 2 / 1 / 2 / 3
set: 3 / 5 / 6 / convex: True
removing: 5
current: 2 / 1 / 2 / 3
set: 3 / 6 / 7 / convex: False
current: 3 / 2 / 3 / 4
set: 6 / 7 / 8 / convex: True
removing: 7
current: 3 / 2 / 3 / 4
set: 6 / 8 / 9 / convex: False
current: 4 / 3 / 4 / 5
set: 8 / 9 / 10 / convex: True
removing: 9
current: 4 / 3 / 4 / 5
set: 8 / 10 / 11 / convex: False
current: 5 / 4 / 5 / 6
set: 10 / 11 / 12 / convex: True
removing: 11
current: 5 / 4 / 5 / 6
set: 10 / 12 / 13 / convex: True
removing: 12
current: 5 / 4 / 5 / 6
set: 10 / 13 / 14 / convex: False
current: 6 / 5 / 6 / 7
set: 13 / 14 / 15 / convex: True
removing: 14
current: 6 / 5 / 6 / 7
set: 13 / 15 / 16 / convex: True
removing: 15
current: 6 / 5 / 6 / 7
set: 13 / 16 / 17 / convex: False
current: 7 / 6 / 7 / 8
set: 16 / 17 / 18 / convex: True
removing: 17
current: 7 / 6 / 7 / 8
set: 16 / 18 / 19 / convex: False
current: 8 / 7 / 8 / 9
set: 18 / 19 / 20 / convex: True
removing: 19
current: 8 / 7 / 8 / 9
set: 18 / 20 / 21 / convex: True
removing: 20
current: 8 / 7 / 8 / 9
set: 18 / 21 / 22 / convex: False
current: 9 / 8 / 9 / 10
set: 21 / 22 / 23 / convex: True
removing: 22
current: 9 / 8 / 9 / 10
set: 21 / 23 / 24 / convex: True
removing: 23
current: 9 / 8 / 9 / 10
set: 21 / 24 / 25 / convex: True
current: 10 / 9 / 10 / 11
set: 24 / 25 / 26 / convex: False
current: 11 / 10 / 11 / 12
set: 25 / 26 / 27 / convex: True
removing: 26
current: 11 / 10 / 11 / 0
set: 25 / 27 / 0 / convex: True
removing: 27
current: 0 / 10 / 0 / 1
set: 25 / 0 / 3 / convex: True
removing: 0
current: 0 / 9 / 0 / 1
set: 25 / 3 / 6 / convex: True
removing: 3
current: 0 / 8 / 0 / 1
set: 25 / 6 / 8 / convex: True
removing: 6
current: 0 / 7 / 0 / 1
set: 25 / 8 / 10 / convex: True
removing: 8
current: 0 / 6 / 0 / 1
set: 25 / 10 / 13 / convex: True
removing: 10
current: 0 / 5 / 0 / 1
set: 25 / 13 / 16 / convex: True
removing: 13
current: 0 / 4 / 0 / 1
set: 25 / 16 / 18 / convex: True
removing: 16
current: 0 / 3 / 0 / 1
set: 25 / 18 / 21 / convex: True
removing: 18
0 1 2 3 4 5 6 7 8 9 10 11 12 13 14 15 16 17 18 19 20 21 22 23 24 25 26 27 28 29 30 31 32 33
current: 1 / 0 / 1 / 2
set: 0 / 1 / 2 / convex: True
removing: 1
current: 1 / 0 / 1 / 2
set: 0 / 2 / 3 / convex: True
removing: 2
current: 1 / 0 / 1 / 2
set: 0 / 3 / 4 / convex: True
current: 2 / 1 / 2 / 3
set: 3 / 4 / 5 / convex: True
removing: 4
current: 2 / 1 / 2 / 3
set: 3 / 5 / 6 / convex: False
current: 3 / 2 / 3 / 4
set: 5 / 6 / 7 / convex: True
removing: 6
current: 3 / 2 / 3 / 4
set: 5 / 7 / 8 / convex: True
removing: 7
current: 3 / 2 / 3 / 4
set: 5 / 8 / 9 / convex: True
removing: 8
current: 3 / 2 / 3 / 4
set: 5 / 9 / 10 / convex: True
removing: 9
current: 3 / 2 / 3 / 4
set: 5 / 10 / 11 / convex: False
current: 4 / 3 / 4 / 5
set: 10 / 11 / 12 / convex: True
removing: 11
current: 4 / 3 / 4 / 5
set: 10 / 12 / 13 / convex: True
removing: 12
current: 4 / 3 / 4 / 5
set: 10 / 13 / 14 / convex: False
current: 5 / 4 / 5 / 6
set: 13 / 14 / 15 / convex: True
removing: 14
current: 5 / 4 / 5 / 6
set: 13 / 15 / 16 / convex: False
current: 6 / 5 / 6 / 7
set: 15 / 16 / 17 / convex: True
removing: 16
current: 6 / 5 / 6 / 7
set: 15 / 17 / 18 / convex: True
removing: 17
current: 6 / 5 / 6 / 7
set: 15 / 18 / 19 / convex: False
current: 7 / 6 / 7 / 8
set: 18 / 19 / 20 / convex: True
removing: 19
current: 7 / 6 / 7 / 8
set: 18 / 20 / 21 / convex: False
current: 8 / 7 / 8 / 9
set: 20 / 21 / 22 / convex: True
removing: 21
current: 8 / 7 / 8 / 9
set: 20 / 22 / 23 / convex: False
current: 9 / 8 / 9 / 10
set: 22 / 23 / 24 / convex: True
removing: 23
current: 9 / 8 / 9 / 10
set: 22 / 24 / 25 / convex: True
removing: 24
current: 9 / 8 / 9 / 10
set: 22 / 25 / 26 / convex: True
current: 10 / 9 / 10 / 11
set: 25 / 26 / 27 / convex: True
removing: 26
current: 10 / 9 / 10 / 11
set: 25 / 27 / 28 / convex: True
removing: 27
current: 10 / 9 / 10 / 11
set: 25 / 28 / 29 / convex: True
removing: 28
current: 10 / 9 / 10 / 11
set: 25 / 29 / 30 / convex: True
removing: 29
current: 10 / 9 / 10 / 11
set: 25 / 30 / 31 / convex: False
current: 11 / 10 / 11 / 12
set: 30 / 31 / 32 / convex: True
removing: 31
current: 11 / 10 / 11 / 12
set: 30 / 32 / 33 / convex: False
current: 12 / 11 / 12 / 0
set: 32 / 33 / 0 / convex: True
removing: 33
current: 0 / 11 / 0 / 1
set: 32 / 0 / 3 / convex: True
removing: 0
current: 0 / 10 / 0 / 1
set: 32 / 3 / 5 / convex: True
removing: 3
current: 0 / 9 / 0 / 1
set: 32 / 5 / 10 / convex: True
removing: 5
current: 0 / 8 / 0 / 1
set: 32 / 10 / 13 / convex: True
removing: 10
current: 0 / 7 / 0 / 1
set: 32 / 13 / 15 / convex: True
removing: 13
current: 0 / 6 / 0 / 1
set: 32 / 15 / 18 / convex: True
removing: 15
current: 0 / 5 / 0 / 1
set: 32 / 18 / 20 / convex: True
removing: 18
current: 0 / 4 / 0 / 1
set: 32 / 20 / 22 / convex: True
removing: 20
current: 0 / 3 / 0 / 1
set: 32 / 22 / 25 / convex: True
current: 1 / 0 / 1 / 2
set: 22 / 25 / 30 / convex: True
removing: 25
0 1 2 3 4 5 6 7 8 9 10 11 12 13 14 15 16 17 18 19 20 21 22 23
current: 1 / 0 / 1 / 2
set: 0 / 1 / 2 / convex: True
removing: 1
current: 1 / 0 / 1 / 2
set: 0 / 2 / 3 / convex: False
current: 2 / 1 / 2 / 3
set: 2 / 3 / 4 / convex: True
removing: 3
current: 2 / 1 / 2 / 3
set: 2 / 4 / 5 / convex: True
removing: 4
current: 2 / 1 / 2 / 3
set: 2 / 5 / 6 / convex: False
current: 3 / 2 / 3 / 4
set: 5 / 6 / 7 / convex: True
removing: 6
current: 3 / 2 / 3 / 4
set: 5 / 7 / 8 / convex: True
removing: 7
current: 3 / 2 / 3 / 4
set: 5 / 8 / 9 / convex: False
current: 4 / 3 / 4 / 5
set: 8 / 9 / 10 / convex: True
removing: 9
current: 4 / 3 / 4 / 5
set: 8 / 10 / 11 / convex: False
current: 5 / 4 / 5 / 6
set: 10 / 11 / 12 / convex: True
removing: 11
current: 5 / 4 / 5 / 6
set: 10 / 12 / 13 / convex: True
removing: 12
current: 5 / 4 / 5 / 6
set: 10 / 13 / 14 / convex: False
current: 6 / 5 / 6 / 7
set: 13 / 14 / 15 / convex: True
removing: 14
current: 6 / 5 / 6 / 7
set: 13 / 15 / 16 / convex: True
removing: 15
current: 6 / 5 / 6 / 7
set: 13 / 16 / 17 / convex: False
current: 7 / 6 / 7 / 8
set: 16 / 17 / 18 / convex: True
removing: 17
current: 7 / 6 / 7 / 8
set: 16 / 18 / 19 / convex: True
removing: 18
current: 7 / 6 / 7 / 8
set: 16 / 19 / 20 / convex: False
current: 8 / 7 / 8 / 9
set: 19 / 20 / 21 / convex: False
current: 9 / 8 / 9 / 10
set: 20 / 21 / 22 / convex: True
removing: 21
current: 9 / 8 / 9 / 10
set: 20 / 22 / 23 / convex: True
removing: 22
current: 9 / 8 / 9 / 0
set: 20 / 23 / 0 / convex: True
removing: 23
current: 0 / 8 / 0 / 1
set: 20 / 0 / 2 / convex: True
removing: 0
current: 0 / 7 / 0 / 1
set: 20 / 2 / 5 / convex: True
removing: 2
current: 0 / 6 / 0 / 1
set: 20 / 5 / 8 / convex: True
removing: 5
current: 0 / 5 / 0 / 1
set: 20 / 8 / 10 / convex: True
removing: 8
current: 0 / 4 / 0 / 1
set: 20 / 10 / 13 / convex: True
removing: 10
current: 0 / 3 / 0 / 1
set: 20 / 13 / 16 / convex: True
current: 1 / 0 / 1 / 2
set: 13 / 16 / 19 / convex: True
removing: 16
0 1 2 3 4 5 6 7 8 9 10 11 12 13 14 15 16 17 18 19 20 21 22 23 24 25 26 27 28 29 30 31 32 33
current: 1 / 0 / 1 / 2
set: 0 / 1 / 2 / convex: False
current: 2 / 1 / 2 / 3
set: 1 / 2 / 3 / convex: False
current: 3 / 2 / 3 / 4
set: 2 / 3 / 4 / convex: False
current: 4 / 3 / 4 / 5
set: 3 / 4 / 5 / convex: False
current: 5 / 4 / 5 / 6
set: 4 / 5 / 6 / convex: True
removing: 5
current: 5 / 4 / 5 / 6
set: 4 / 6 / 7 / convex: True
removing: 6
current: 5 / 4 / 5 / 6
set: 4 / 7 / 8 / convex: True
removing: 7
current: 5 / 4 / 5 / 6
set: 4 / 8 / 9 / convex: True
removing: 8
current: 5 / 4 / 5 / 6
set: 4 / 9 / 10 / convex: True
removing: 9
current: 5 / 4 / 5 / 6
set: 4 / 10 / 11 / convex: True
removing: 10
current: 5 / 4 / 5 / 6
set: 4 / 11 / 12 / convex: True
removing: 11
current: 5 / 4 / 5 / 6
set: 4 / 12 / 13 / convex: False
current: 6 / 5 / 6 / 7
set: 12 / 13 / 14 / convex: True
removing: 13
current: 6 / 5 / 6 / 7
set: 12 / 14 / 15 / convex: True
removing: 14
current: 6 / 5 / 6 / 7
set: 12 / 15 / 16 / convex: False
current: 7 / 6 / 7 / 8
set: 15 / 16 / 17 / convex: True
removing: 16
current: 7 / 6 / 7 / 8
set: 15 / 17 / 18 / convex: True
removing: 17
current: 7 / 6 / 7 / 8
set: 15 / 18 / 19 / convex: True
removing: 18
current: 7 / 6 / 7 / 8
set: 15 / 19 / 20 / convex: True
removing: 19
current: 7 / 6 / 7 / 8
set: 15 / 20 / 21 / convex: False
current: 8 / 7 / 8 / 9
set: 20 / 21 / 22 / convex: True
removing: 21
current: 8 / 7 / 8 / 9
set: 20 / 22 / 23 / convex: True
removing: 22
current: 8 / 7 / 8 / 9
set: 20 / 23 / 24 / convex: True
current: 9 / 8 / 9 / 10
set: 23 / 24 / 25 / convex: True
removing: 24
current: 9 / 8 / 9 / 10
set: 23 / 25 / 26 / convex: False
current: 10 / 9 / 10 / 11
set: 25 / 26 / 27 / convex: True
removing: 26
current: 10 / 9 / 10 / 11
set: 25 / 27 / 28 / convex: True
removing: 27
current: 10 / 9 / 10 / 11
set: 25 / 28 / 29 / convex: False
current: 11 / 10 / 11 / 12
set: 28 / 29 / 30 / convex: True
removing: 29
current: 11 / 10 / 11 / 12
set: 28 / 30 / 31 / convex: False
current: 12 / 11 / 12 / 13
set: 30 / 31 / 32 / convex: True
removing: 31
current: 12 / 11 / 12 / 13
set: 30 / 32 / 33 / convex: True
removing: 32
current: 12 / 11 / 12 / 0
set: 30 / 33 / 0 / convex: True
removing: 33
current: 0 / 11 / 0 / 1
set: 30 / 0 / 1 / convex: True
removing: 0
current: 0 / 10 / 0 / 1
set: 30 / 1 / 2 / convex: True
removing: 1
current: 0 / 9 / 0 / 1
set: 30 / 2 / 3 / convex: False
current: 1 / 0 / 1 / 2
set: 2 / 3 / 4 / convex: False
current: 2 / 1 / 2 / 3
set: 3 / 4 / 12 / convex: True
removing: 4
current: 2 / 1 / 2 / 3
set: 3 / 12 / 15 / convex: True
removing: 12
current: 2 / 1 / 2 / 3
set: 3 / 15 / 20 / convex: True
removing: 15
current: 2 / 1 / 2 / 3
set: 3 / 20 / 23 / convex: True
removing: 20
current: 2 / 1 / 2 / 3
set: 3 / 23 / 25 / convex: True
removing: 23
current: 2 / 1 / 2 / 3
set: 3 / 25 / 28 / convex: True
removing: 25
current: 2 / 1 / 2 / 3
set: 3 / 28 / 30 / convex: True
current: 3 / 2 / 3 / 0
set: 28 / 30 / 2 / convex: True
removing: 30
0 1 2 3 4 5 6 7 8 9 10 11 12 13 14 15 16 17 18 19 20 21
current: 1 / 0 / 1 / 2
set: 0 / 1 / 2 / convex: True
removing: 1
current: 1 / 0 / 1 / 2
set: 0 / 2 / 3 / convex: True
removing: 2
current: 1 / 0 / 1 / 2
set: 0 / 3 / 4 / convex: False
current: 2 / 1 / 2 / 3
set: 3 / 4 / 5 / convex: True
removing: 4
current: 2 / 1 / 2 / 3
set: 3 / 5 / 6 / convex: False
current: 3 / 2 / 3 / 4
set: 5 / 6 / 7 / convex: True
removing: 6
current: 3 / 2 / 3 / 4
set: 5 / 7 / 8 / convex: True
removing: 7
current: 3 / 2 / 3 / 4
set: 5 / 8 / 9 / convex: True
current: 4 / 3 / 4 / 5
set: 8 / 9 / 10 / convex: True
removing: 9
current: 4 / 3 / 4 / 5
set: 8 / 10 / 11 / convex: True
removing: 10
current: 4 / 3 / 4 / 5
set: 8 / 11 / 12 / convex: False
current: 5 / 4 / 5 / 6
set: 11 / 12 / 13 / convex: True
removing: 12
current: 5 / 4 / 5 / 6
set: 11 / 13 / 14 / convex: True
removing: 13
current: 5 / 4 / 5 / 6
set: 11 / 14 / 15 / convex: False
current: 6 / 5 / 6 / 7
set: 14 / 15 / 16 / convex: True
removing: 15
current: 6 / 5 / 6 / 7
set: 14 / 16 / 17 / convex: False
current: 7 / 6 / 7 / 8
set: 16 / 17 / 18 / convex: True
removing: 17
current: 7 / 6 / 7 / 8
set: 16 / 18 / 19 / convex: True
removing: 18
current: 7 / 6 / 7 / 8
set: 16 / 19 / 20 / convex: False
current: 8 / 7 / 8 / 9
set: 19 / 20 / 21 / convex: True
removing: 20
current: 8 / 7 / 8 / 0
set: 19 / 21 / 0 / convex: True
removing: 21
current: 0 / 7 / 0 / 1
set: 19 / 0 / 3 / convex: True
removing: 0
current: 0 / 6 / 0 / 1
set: 19 / 3 / 5 / convex: True
removing: 3
current: 0 / 5 / 0 / 1
set: 19 / 5 / 8 / convex: True
removing: 5
current: 0 / 4 / 0 / 1
set: 19 / 8 / 11 / convex: True
removing: 8
current: 0 / 3 / 0 / 1
set: 19 / 11 / 14 / convex: True
removing: 11
0 1 2 3 4 5 6 7 8 9 10 11 12 13 14 15 16 17 18 19 20 21 22 23 24 25
current: 1 / 0 / 1 / 2
set: 0 / 1 / 2 / convex: True
removing: 1
current: 1 / 0 / 1 / 2
set: 0 / 2 / 3 / convex: True
removing: 2
current: 1 / 0 / 1 / 2
set: 0 / 3 / 4 / convex: True
current: 2 / 1 / 2 / 3
set: 3 / 4 / 5 / convex: True
removing: 4
current: 2 / 1 / 2 / 3
set: 3 / 5 / 6 / convex: False
current: 3 / 2 / 3 / 4
set: 5 / 6 / 7 / convex: True
removing: 6
current: 3 / 2 / 3 / 4
set: 5 / 7 / 8 / convex: True
removing: 7
current: 3 / 2 / 3 / 4
set: 5 / 8 / 9 / convex: False
current: 4 / 3 / 4 / 5
set: 8 / 9 / 10 / convex: True
removing: 9
current: 4 / 3 / 4 / 5
set: 8 / 10 / 11 / convex: False
current: 5 / 4 / 5 / 6
set: 10 / 11 / 12 / convex: True
removing: 11
current: 5 / 4 / 5 / 6
set: 10 / 12 / 13 / convex: True
removing: 12
current: 5 / 4 / 5 / 6
set: 10 / 13 / 14 / convex: True
removing: 13
current: 5 / 4 / 5 / 6
set: 10 / 14 / 15 / convex: True
removing: 14
current: 5 / 4 / 5 / 6
set: 10 / 15 / 16 / convex: False
current: 6 / 5 / 6 / 7
set: 15 / 16 / 17 / convex: True
removing: 16
current: 6 / 5 / 6 / 7
set: 15 / 17 / 18 / convex: True
removing: 17
current: 6 / 5 / 6 / 7
set: 15 / 18 / 19 / convex: True
removing: 18
current: 6 / 5 / 6 / 7
set: 15 / 19 / 20 / convex: True
removing: 19
current: 6 / 5 / 6 / 7
set: 15 / 20 / 21 / convex: False
current: 7 / 6 / 7 / 8
set: 20 / 21 / 22 / convex: True
removing: 21
current: 7 / 6 / 7 / 8
set: 20 / 22 / 23 / convex: True
removing: 22
current: 7 / 6 / 7 / 8
set: 20 / 23 / 24 / convex: True
current: 8 / 7 / 8 / 9
set: 23 / 24 / 25 / convex: True
removing: 24
current: 8 / 7 / 8 / 0
set: 23 / 25 / 0 / convex: True
removing: 25
current: 0 / 7 / 0 / 1
set: 23 / 0 / 3 / convex: True
removing: 0
current: 0 / 6 / 0 / 1
set: 23 / 3 / 5 / convex: True
removing: 3
current: 0 / 5 / 0 / 1
set: 23 / 5 / 8 / convex: True
removing: 5
current: 0 / 4 / 0 / 1
set: 23 / 8 / 10 / convex: True
removing: 8
current: 0 / 3 / 0 / 1
set: 23 / 10 / 15 / convex: True
removing: 10
0 1 2 3 4 5 6 7 8 9 10 11 12 13 14 15 16 17 18 19 20 21 22 23 24 25
current: 1 / 0 / 1 / 2
set: 0 / 1 / 2 / convex: True
removing: 1
current: 1 / 0 / 1 / 2
set: 0 / 2 / 3 / convex: True
removing: 2
current: 1 / 0 / 1 / 2
set: 0 / 3 / 4 / convex: False
current: 2 / 1 / 2 / 3
set: 3 / 4 / 5 / convex: True
removing: 4
current: 2 / 1 / 2 / 3
set: 3 / 5 / 6 / convex: True
removing: 5
current: 2 / 1 / 2 / 3
set: 3 / 6 / 7 / convex: False
current: 3 / 2 / 3 / 4
set: 6 / 7 / 8 / convex: True
removing: 7
current: 3 / 2 / 3 / 4
set: 6 / 8 / 9 / convex: False
current: 4 / 3 / 4 / 5
set: 8 / 9 / 10 / convex: True
removing: 9
current: 4 / 3 / 4 / 5
set: 8 / 10 / 11 / convex: False
current: 5 / 4 / 5 / 6
set: 10 / 11 / 12 / convex: True
removing: 11
current: 5 / 4 / 5 / 6
set: 10 / 12 / 13 / convex: True
removing: 12
current: 5 / 4 / 5 / 6
set: 10 / 13 / 14 / convex: True
current: 6 / 5 / 6 / 7
set: 13 / 14 / 15 / convex: True
removing: 14
current: 6 / 5 / 6 / 7
set: 13 / 15 / 16 / convex: True
removing: 15
current: 6 / 5 / 6 / 7
set: 13 / 16 / 17 / convex: False
current: 7 / 6 / 7 / 8
set: 16 / 17 / 18 / convex: True
removing: 17
current: 7 / 6 / 7 / 8
set: 16 / 18 / 19 / convex: True
removing: 18
current: 7 / 6 / 7 / 8
set: 16 / 19 / 20 / convex: False
current: 8 / 7 / 8 / 9
set: 19 / 20 / 21 / convex: True
removing: 20
current: 8 / 7 / 8 / 9
set: 19 / 21 / 22 / convex: False
current: 9 / 8 / 9 / 10
set: 21 / 22 / 23 / convex: True
removing: 22
current: 9 / 8 / 9 / 10
set: 21 / 23 / 24 / convex: True
removing: 23
current: 9 / 8 / 9 / 10
set: 21 / 24 / 25 / convex: True
current: 10 / 9 / 10 / 0
set: 24 / 25 / 0 / convex: False
current: 11 / 10 / 0 / 1
set: 25 / 0 / 3 / convex: True
removing: 0
current: 0 / 9 / 0 / 1
set: 25 / 3 / 6 / convex: True
removing: 3
current: 0 / 8 / 0 / 1
set: 25 / 6 / 8 / convex: True
removing: 6
current: 0 / 7 / 0 / 1
set: 25 / 8 / 10 / convex: True
removing: 8
current: 0 / 6 / 0 / 1
set: 25 / 10 / 13 / convex: True
removing: 10
current: 0 / 5 / 0 / 1
set: 25 / 13 / 16 / convex: True
removing: 13
current: 0 / 4 / 0 / 1
set: 25 / 16 / 19 / convex: True
removing: 16
current: 0 / 3 / 0 / 1
set: 25 / 19 / 21 / convex: True
removing: 19
0 1 2 3 4 5 6 7 8 9 10 11 12 13 14 15 16 17 18 19 20 21 22 23 24 25 26 27 28 29
current: 1 / 0 / 1 / 2
set: 0 / 1 / 2 / convex: True
removing: 1
current: 1 / 0 / 1 / 2
set: 0 / 2 / 3 / convex: True
removing: 2
current: 1 / 0 / 1 / 2
set: 0 / 3 / 4 / convex: True
current: 2 / 1 / 2 / 3
set: 3 / 4 / 5 / convex: True
removing: 4
current: 2 / 1 / 2 / 3
set: 3 / 5 / 6 / convex: False
current: 3 / 2 / 3 / 4
set: 5 / 6 / 7 / convex: True
removing: 6
current: 3 / 2 / 3 / 4
set: 5 / 7 / 8 / convex: True
removing: 7
current: 3 / 2 / 3 / 4
set: 5 / 8 / 9 / convex: True
current: 4 / 3 / 4 / 5
set: 8 / 9 / 10 / convex: True
removing: 9
current: 4 / 3 / 4 / 5
set: 8 / 10 / 11 / convex: False
current: 5 / 4 / 5 / 6
set: 10 / 11 / 12 / convex: True
removing: 11
current: 5 / 4 / 5 / 6
set: 10 / 12 / 13 / convex: True
removing: 12
current: 5 / 4 / 5 / 6
set: 10 / 13 / 14 / convex: False
current: 6 / 5 / 6 / 7
set: 13 / 14 / 15 / convex: True
removing: 14
current: 6 / 5 / 6 / 7
set: 13 / 15 / 16 / convex: False
current: 7 / 6 / 7 / 8
set: 15 / 16 / 17 / convex: True
removing: 16
current: 7 / 6 / 7 / 8
set: 15 / 17 / 18 / convex: True
removing: 17
current: 7 / 6 / 7 / 8
set: 15 / 18 / 19 / convex: True
current: 8 / 7 / 8 / 9
set: 18 / 19 / 20 / convex: True
removing: 19
current: 8 / 7 / 8 / 9
set: 18 / 20 / 21 / convex: True
removing: 20
current: 8 / 7 / 8 / 9
set: 18 / 21 / 22 / convex: True
removing: 21
current: 8 / 7 / 8 / 9
set: 18 / 22 / 23 / convex: True
removing: 22
current: 8 / 7 / 8 / 9
set: 18 / 23 / 24 / convex: False
current: 9 / 8 / 9 / 10
set: 23 / 24 / 25 / convex: True
removing: 24
current: 9 / 8 / 9 / 10
set: 23 / 25 / 26 / convex: False
current: 10 / 9 / 10 / 11
set: 25 / 26 / 27 / convex: False
current: 11 / 10 / 11 / 12
set: 26 / 27 / 28 / convex: True
removing: 27
current: 11 / 10 / 11 / 12
set: 26 / 28 / 29 / convex: True
removing: 28
current: 11 / 10 / 11 / 0
set: 26 / 29 / 0 / convex: True
removing: 29
current: 0 / 10 / 0 / 1
set: 26 / 0 / 3 / convex: True
removing: 0
current: 0 / 9 / 0 / 1
set: 26 / 3 / 5 / convex: True
removing: 3
current: 0 / 8 / 0 / 1
set: 26 / 5 / 8 / convex: True
removing: 5
current: 0 / 7 / 0 / 1
set: 26 / 8 / 10 / convex: True
removing: 8
current: 0 / 6 / 0 / 1
set: 26 / 10 / 13 / convex: True
removing: 10
current: 0 / 5 / 0 / 1
set: 26 / 13 / 15 / convex: True
current: 1 / 0 / 1 / 2
set: 13 / 15 / 18 / convex: True
removing: 15
current: 1 / 0 / 1 / 2
set: 13 / 18 / 23 / convex: True
removing: 18
current: 1 / 0 / 1 / 2
set: 13 / 23 / 25 / convex: True
removing: 23
0 1 2 3 4 5 6 7 8 9 10 11 12 13 14 15 16 17 18 19 20 21 22 23 24 25
current: 1 / 0 / 1 / 2
set: 0 / 1 / 2 / convex: True
removing: 1
current: 1 / 0 / 1 / 2
set: 0 / 2 / 3 / convex: False
current: 2 / 1 / 2 / 3
set: 2 / 3 / 4 / convex: True
removing: 3
current: 2 / 1 / 2 / 3
set: 2 / 4 / 5 / convex: False
current: 3 / 2 / 3 / 4
set: 4 / 5 / 6 / convex: True
removing: 5
current: 3 / 2 / 3 / 4
set: 4 / 6 / 7 / convex: True
removing: 6
current: 3 / 2 / 3 / 4
set: 4 / 7 / 8 / convex: True
current: 4 / 3 / 4 / 5
set: 7 / 8 / 9 / convex: True
removing: 8
current: 4 / 3 / 4 / 5
set: 7 / 9 / 10 / convex: False
current: 5 / 4 / 5 / 6
set: 9 / 10 / 11 / convex: True
removing: 10
current: 5 / 4 / 5 / 6
set: 9 / 11 / 12 / convex: True
removing: 11
current: 5 / 4 / 5 / 6
set: 9 / 12 / 13 / convex: False
current: 6 / 5 / 6 / 7
set: 12 / 13 / 14 / convex: True
removing: 13
current: 6 / 5 / 6 / 7
set: 12 / 14 / 15 / convex: True
removing: 14
current: 6 / 5 / 6 / 7
set: 12 / 15 / 16 / convex: True
current: 7 / 6 / 7 / 8
set: 15 / 16 / 17 / convex: True
removing: 16
current: 7 / 6 / 7 / 8
set: 15 / 17 / 18 / convex: False
current: 8 / 7 / 8 / 9
set: 17 / 18 / 19 / convex: True
removing: 18
current: 8 / 7 / 8 / 9
set: 17 / 19 / 20 / convex: True
removing: 19
current: 8 / 7 / 8 / 9
set: 17 / 20 / 21 / convex: True
current: 9 / 8 / 9 / 10
set: 20 / 21 / 22 / convex: True
removing: 21
current: 9 / 8 / 9 / 10
set: 20 / 22 / 23 / convex: False
current: 10 / 9 / 10 / 11
set: 22 / 23 / 24 / convex: True
removing: 23
current: 10 / 9 / 10 / 11
set: 22 / 24 / 25 / convex: True
removing: 24
current: 10 / 9 / 10 / 0
set: 22 / 25 / 0 / convex: False
current: 11 / 10 / 0 / 1
set: 25 / 0 / 2 / convex: True
removing: 0
current: 0 / 9 / 0 / 1
set: 25 / 2 / 4 / convex: True
removing: 2
current: 0 / 8 / 0 / 1
set: 25 / 4 / 7 / convex: True
removing: 4
current: 0 / 7 / 0 / 1
set: 25 / 7 / 9 / convex: True
removing: 7
current: 0 / 6 / 0 / 1
set: 25 / 9 / 12 / convex: True
removing: 9
current: 0 / 5 / 0 / 1
set: 25 / 12 / 15 / convex: True
removing: 12
current: 0 / 4 / 0 / 1
set: 25 / 15 / 17 / convex: True
removing: 15
current: 0 / 3 / 0 / 1
set: 25 / 17 / 20 / convex: True
removing: 17
